0 info it worked if it ends with ok
1 verbose cli [ 'node', '/usr/local/bin/npm', 'init' ]
2 info using npm@2.8.4
3 info using node@v0.10.31
4 verbose node symlink /usr/local/bin/node
5 silly package data undefined
6 info init written successfully
7 verbose type non_object_property_call
8 verbose stack TypeError: Cannot call method 'join' of undefined
8 verbose stack     at exports.name (/usr/local/lib/node_modules/npm/node_modules/init-package-json/default-input.js:57:45)
8 verbose stack     at PromZard.<anonymous> (/usr/local/lib/node_modules/npm/node_modules/init-package-json/node_modules/promzard/promzard.js:226:19)
8 verbose stack     at Interface.onLine (/usr/local/lib/node_modules/npm/node_modules/read/lib/read.js:111:5)
8 verbose stack     at Interface.emit (events.js:95:17)
8 verbose stack     at Interface._onLine (readline.js:202:10)
8 verbose stack     at Interface._line (readline.js:531:8)
8 verbose stack     at Interface._ttyWrite (readline.js:760:14)
8 verbose stack     at ReadStream.onkeypress (readline.js:99:10)
8 verbose stack     at ReadStream.emit (events.js:98:17)
8 verbose stack     at emitKey (readline.js:1095:12)
9 verbose cwd /Users/matthewerbs/Code/RESTFest2015/RESTChess
10 error Darwin 14.5.0
11 error argv "node" "/usr/local/bin/npm" "init"
12 error node v0.10.31
13 error npm  v2.8.4
14 error Cannot call method 'join' of undefined
15 error If you need help, you may report this error at:
15 error     <https://github.com/npm/npm/issues>
16 verbose exit [ 1, true ]
